app/build/outputs/logs/manifest-merger-release-report.txt
-- Merging decision tree log ---
manifest
ADDED from src\main\AndroidManifest.xml:2:1-159:12
	package
		ADDED from src\main\AndroidManifest.xml:4:5-30
		INJECTED from src\main\AndroidManifest.xml
		INJECTED from src\main\AndroidManifest.xml
	android:versionName
		INJECTED from src\main\AndroidManifest.xml
		INJECTED from src\main\AndroidManifest.xml
	xmlns:tools
		ADDED from src\main\AndroidManifest.xml:3:5-51
	xmlns:android
		ADDED from src\main\AndroidManifest.xml:2:11-69
	android:versionCode
		INJECTED from src\main\AndroidManifest.xml
		INJECTED from src\main\AndroidManifest.xml
uses-permission#android.permission.INTERNET
ADDED from src\main\AndroidManifest.xml:6:5-67
MERGED from [com.daimajia.slider:library:1.1.5] AndroidManifest.xml:11:5-67
	android:name
		ADDED from src\main\AndroidManifest.xml:6:22-64
uses-permission#android.permission.ACCESS_NETWORK_STATE
ADDED from src\main\AndroidManifest.xml:7:5-79
	android:name
		ADDED from src\main\AndroidManifest.xml:7:22-76
uses-permission#android.permission.ACCESS_WIFI_STATE
ADDED from src\main\AndroidManifest.xml:8:5-76
	android:name
		ADDED from src\main\AndroidManifest.xml:8:22-73
uses-permission#android.permission.READ_PHONE_STATE
ADDED from src\main\AndroidManifest.xml:9:5-75
	android:name
		ADDED from src\main\AndroidManifest.xml:9:22-72
uses-permission#android.permission.CALL_PHONE
ADDED from src\main\AndroidManifest.xml:10:5-69
	android:name
		ADDED from src\main\AndroidManifest.xml:10:22-66
uses-permission#android.permission.WRITE_EXTERNAL_STORAGE
ADDED from src\main\AndroidManifest.xml:11:5-81
MERGED from [com.daimajia.slider:library:1.1.5] AndroidManifest.xml:12:5-81
	android:name
		ADDED from src\main\AndroidManifest.xml:11:22-78
uses-permission#android.permission.WRITE_SETTINGS
ADDED from src\main\AndroidManifest.xml:12:5-73
	android:name
		ADDED from src\main\AndroidManifest.xml:12:22-70
uses-permission#android.permission.READ_LOGS
ADDED from src\main\AndroidManifest.xml:13:5-68
	android:name
		ADDED from src\main\AndroidManifest.xml:13:22-65
uses-permission#android.permission.RECORD_AUDIO
ADDED from src\main\AndroidManifest.xml:14:5-71
	android:name
		ADDED from src\main\AndroidManifest.xml:14:22-68
uses-permission#android.permission.CAMERA
ADDED from src\main\AndroidManifest.xml:15:5-65
	android:name
		ADDED from src\main\AndroidManifest.xml:15:22-62
uses-feature#android.hardware.camera
ADDED from src\main\AndroidManifest.xml:17:5-60
	android:name
		ADDED from src\main\AndroidManifest.xml:17:19-57
uses-feature#android.hardware.camera.autofocus
ADDED from src\main\AndroidManifest.xml:18:5-70
	android:name
		ADDED from src\main\AndroidManifest.xml:18:19-67
uses-permission#android.permission.ACCESS_COARSE_LOCATION
ADDED from src\main\AndroidManifest.xml:20:5-81
	android:name
		ADDED from src\main\AndroidManifest.xml:20:22-78
uses-permission#android.permission.ACCESS_FINE_LOCATION
ADDED from src\main\AndroidManifest.xml:21:5-79
	android:name
		ADDED from src\main\AndroidManifest.xml:21:22-76
uses-permission#android.permission.CHANGE_NETWORK_STATE
ADDED from src\main\AndroidManifest.xml:23:5-79
	android:name
		ADDED from src\main\AndroidManifest.xml:23:22-76
uses-permission#android.permission.GET_TASKS
ADDED from src\main\AndroidManifest.xml:24:5-68
	android:name
		ADDED from src\main\AndroidManifest.xml:24:22-65
uses-permission#android.permission.MODIFY_AUDIO_SETTINGS
ADDED from src\main\AndroidManifest.xml:25:5-80
	android:name
		ADDED from src\main\AndroidManifest.xml:25:22-77
uses-permission#android.permission.RECEIVE_BOOT_COMPLETED
ADDED from src\main\AndroidManifest.xml:26:5-81
	android:name
		ADDED from src\main\AndroidManifest.xml:26:22-78
uses-permission#android.permission.VIBRATE
ADDED from src\main\AndroidManifest.xml:27:5-66
	android:name
		ADDED from src\main\AndroidManifest.xml:27:22-63
uses-permission#android.permission.WAKE_LOCK
ADDED from src\main\AndroidManifest.xml:28:5-68
	android:name
		ADDED from src\main\AndroidManifest.xml:28:22-65
uses-permission#android.permission.SYSTEM_ALERT_WINDOW
ADDED from src\main\AndroidManifest.xml:29:5-78
	android:name
		ADDED from src\main\AndroidManifest.xml:29:22-75
application
ADDED from src\main\AndroidManifest.xml:31:5-157:19
MERGED from [com.android.support:design:25.3.1] AndroidManifest.xml:29:5-20
MERGED from [com.android.support:appcompat-v7:25.3.1] AndroidManifest.xml:29:5-20
MERGED from [com.android.support:animated-vector-drawable:25.3.1] AndroidManifest.xml:26:5-20
MERGED from [com.android.support:support-vector-drawable:25.3.1] AndroidManifest.xml:26:5-20
MERGED from [com.android.support:transition:25.3.1] AndroidManifest.xml:26:5-20
MERGED from [com.google.android.gms:play-services-appindexing:8.1.0] AndroidManifest.xml:19:5-20
MERGED from [com.google.android.gms:play-services-basement:8.1.0] AndroidManifest.xml:20:5-24:19
MERGED from [com.android.support:support-v4:25.3.1] AndroidManifest.xml:29:5-20
MERGED from [com.android.support:support-fragment:25.3.1] AndroidManifest.xml:29:5-20
MERGED from [com.android.support:support-media-compat:25.3.1] AndroidManifest.xml:29:5-20
MERGED from [com.android.support:support-core-ui:25.3.1] AndroidManifest.xml:29:5-20
MERGED from [com.android.support:support-core-utils:25.3.1] AndroidManifest.xml:29:5-20
MERGED from [com.android.support:support-compat:25.3.1] AndroidManifest.xml:29:5-20
	android:label
		ADDED from src\main\AndroidManifest.xml:35:9-41
	android:allowBackup
		ADDED from src\main\AndroidManifest.xml:33:9-35
	android:icon
		ADDED from src\main\AndroidManifest.xml:34:9-37
	android:theme
		ADDED from src\main\AndroidManifest.xml:36:9-40
	tools:replace
		ADDED from src\main\AndroidManifest.xml:37:9-52
	android:name
		ADDED from src\main\AndroidManifest.xml:32:9-32
activity#com.qiandu.live.activity.SplashActivity
ADDED from src\main\AndroidManifest.xml:38:9-48:20
	android:screenOrientation
		ADDED from src\main\AndroidManifest.xml:41:13-49
	android:launchMode
		ADDED from src\main\AndroidManifest.xml:40:13-43
	android:theme
		ADDED from src\main\AndroidManifest.xml:42:13-47
	android:name
		ADDED from src\main\AndroidManifest.xml:39:13-52
intent-filter#android.intent.action.MAIN+android.intent.category.LAUNCHER
ADDED from src\main\AndroidManifest.xml:43:13-47:29
action#android.intent.action.MAIN
ADDED from src\main\AndroidManifest.xml:44:17-69
	android:name
		ADDED from src\main\AndroidManifest.xml:44:25-66
category#android.intent.category.LAUNCHER
ADDED from src\main\AndroidManifest.xml:46:17-77
	android:name
		ADDED from src\main\AndroidManifest.xml:46:27-74
service#com.tencent.qalsdk.service.QalService
ADDED from src\main\AndroidManifest.xml:51:9-54:45
	android:process
		ADDED from src\main\AndroidManifest.xml:54:13-42
	android:exported
		ADDED from src\main\AndroidManifest.xml:53:13-37
	android:name
		ADDED from src\main\AndroidManifest.xml:52:13-65
service#com.tencent.qalsdk.service.QalAssistService
ADDED from src\main\AndroidManifest.xml:56:9-59:45
	android:process
		ADDED from src\main\AndroidManifest.xml:59:13-42
	android:exported
		ADDED from src\main\AndroidManifest.xml:58:13-37
	android:name
		ADDED from src\main\AndroidManifest.xml:57:13-71
receiver#com.tencent.qalsdk.QALBroadcastReceiver
ADDED from src\main\AndroidManifest.xml:61:9-67:20
	android:exported
		ADDED from src\main\AndroidManifest.xml:63:13-37
	android:name
		ADDED from src\main\AndroidManifest.xml:62:13-67
intent-filter#com.tencent.qalsdk.broadcast.qal
ADDED from src\main\AndroidManifest.xml:64:13-66:29
action#com.tencent.qalsdk.broadcast.qal
ADDED from src\main\AndroidManifest.xml:65:17-75
	android:name
		ADDED from src\main\AndroidManifest.xml:65:25-72
receiver#com.tencent.qalsdk.core.NetConnInfoCenter
ADDED from src\main\AndroidManifest.xml:69:9-84:20
	android:process
		ADDED from src\main\AndroidManifest.xml:71:13-42
	android:name
		ADDED from src\main\AndroidManifest.xml:70:13-69
intent-filter#android.intent.action.BOOT_COMPLETED
ADDED from src\main\AndroidManifest.xml:72:13-74:29
action#android.intent.action.BOOT_COMPLETED
ADDED from src\main\AndroidManifest.xml:73:17-79
	android:name
		ADDED from src\main\AndroidManifest.xml:73:25-76
intent-filter#android.net.conn.CONNECTIVITY_CHANGE
ADDED from src\main\AndroidManifest.xml:75:13-77:29
action#android.net.conn.CONNECTIVITY_CHANGE
ADDED from src\main\AndroidManifest.xml:76:17-79
	android:name
		ADDED from src\main\AndroidManifest.xml:76:25-76
intent-filter#android.intent.action.TIME_SET
ADDED from src\main\AndroidManifest.xml:78:13-80:29
action#android.intent.action.TIME_SET
ADDED from src\main\AndroidManifest.xml:79:17-73
	android:name
		ADDED from src\main\AndroidManifest.xml:79:25-70
intent-filter#android.intent.action.TIMEZONE_CHANGED
ADDED from src\main\AndroidManifest.xml:81:13-83:29
action#android.intent.action.TIMEZONE_CHANGED
ADDED from src\main\AndroidManifest.xml:82:17-81
	android:name
		ADDED from src\main\AndroidManifest.xml:82:25-78
activity#com.alipay.sdk.app.H5PayActivity
ADDED from src\main\AndroidManifest.xml:86:9-90:50
	android:screenOrientation
		ADDED from src\main\AndroidManifest.xml:90:13-47
	android:exported
		ADDED from src\main\AndroidManifest.xml:89:13-37
	android:configChanges
		ADDED from src\main\AndroidManifest.xml:88:13-74
	android:name
		ADDED from src\main\AndroidManifest.xml:87:13-60
activity#com.alipay.sdk.auth.AuthActivity
ADDED from src\main\AndroidManifest.xml:91:9-95:50
	android:screenOrientation
		ADDED from src\main\AndroidManifest.xml:95:13-47
	android:exported
		ADDED from src\main\AndroidManifest.xml:94:13-37
	android:configChanges
		ADDED from src\main\AndroidManifest.xml:93:13-74
	android:name
		ADDED from src\main\AndroidManifest.xml:92:13-60
activity#com.qiandu.live.activity.LoginActivity
ADDED from src\main\AndroidManifest.xml:96:9-99:49
	android:screenOrientation
		ADDED from src\main\AndroidManifest.xml:98:13-49
	android:theme
		ADDED from src\main\AndroidManifest.xml:99:13-46
	android:name
		ADDED from src\main\AndroidManifest.xml:97:13-51
activity#com.qiandu.live.activity.RegisterActivity
ADDED from src\main\AndroidManifest.xml:100:9-103:52
	android:screenOrientation
		ADDED from src\main\AndroidManifest.xml:102:13-49
	android:theme
		ADDED from src\main\AndroidManifest.xml:103:13-49
	android:name
		ADDED from src\main\AndroidManifest.xml:101:13-54
activity#com.qiandu.live.activity.MainActivity
ADDED from src\main\AndroidManifest.xml:104:9-107:52
	android:screenOrientation
		ADDED from src\main\AndroidManifest.xml:107:13-49
	android:launchMode
		ADDED from src\main\AndroidManifest.xml:106:13-43
	android:name
		ADDED from src\main\AndroidManifest.xml:105:13-50
activity#com.qiandu.live.activity.PublishSettingActivity
ADDED from src\main\AndroidManifest.xml:108:9-110:52
	android:screenOrientation
		ADDED from src\main\AndroidManifest.xml:110:13-49
	android:name
		ADDED from src\main\AndroidManifest.xml:109:13-60
activity#com.qiandu.live.activity.LivePublisherActivity
ADDED from src\main\AndroidManifest.xml:111:9-114:59
	android:screenOrientation
		ADDED from src\main\AndroidManifest.xml:113:13-49
	android:windowSoftInputMode
		ADDED from src\main\AndroidManifest.xml:114:13-56
	android:name
		ADDED from src\main\AndroidManifest.xml:112:13-59
activity#com.qiandu.live.activity.LivePlayerActivity
ADDED from src\main\AndroidManifest.xml:115:9-119:59
	android:screenOrientation
		ADDED from src\main\AndroidManifest.xml:117:13-49
	android:windowSoftInputMode
		ADDED from src\main\AndroidManifest.xml:119:13-56
	android:theme
		ADDED from src\main\AndroidManifest.xml:118:13-47
	android:name
		ADDED from src\main\AndroidManifest.xml:116:13-56
activity#com.tencent.rtmp.video.TXScreenCapture$TXScreenCaptureAssistantActivity
ADDED from src\main\AndroidManifest.xml:120:9-122:64
	android:theme
		ADDED from src\main\AndroidManifest.xml:122:13-61
	android:name
		ADDED from src\main\AndroidManifest.xml:121:13-99
service#com.qiandu.live.service.ScreenRecordService
ADDED from src\main\AndroidManifest.xml:124:9-127:40
	android:enabled
		ADDED from src\main\AndroidManifest.xml:126:13-35
	android:exported
		ADDED from src\main\AndroidManifest.xml:127:13-37
	android:name
		ADDED from src\main\AndroidManifest.xml:125:13-56
service#com.qiandu.live.service.LiveGiftServices
ADDED from src\main\AndroidManifest.xml:128:9-61
	android:name
		ADDED from src\main\AndroidManifest.xml:128:18-58
activity#com.qiandu.live.activity.CaifuActivity
ADDED from src\main\AndroidManifest.xml:130:9-60
	android:name
		ADDED from src\main\AndroidManifest.xml:130:19-57
activity#com.qiandu.live.activity.ShouyiActivity
ADDED from src\main\AndroidManifest.xml:131:9-61
	android:name
		ADDED from src\main\AndroidManifest.xml:131:19-58
activity#com.qiandu.live.activity.DengjiActivity
ADDED from src\main\AndroidManifest.xml:132:9-61
	android:name
		ADDED from src\main\AndroidManifest.xml:132:19-58
activity#com.qiandu.live.activity.ZhuboRenzhenActivity
ADDED from src\main\AndroidManifest.xml:133:9-67
	android:name
		ADDED from src\main\AndroidManifest.xml:133:19-64
activity#com.qiandu.live.activity.ShezhiActivity
ADDED from src\main\AndroidManifest.xml:134:9-61
	android:name
		ADDED from src\main\AndroidManifest.xml:134:19-58
activity#com.qiandu.live.activity.LianxiActivity
ADDED from src\main\AndroidManifest.xml:135:9-61
	android:name
		ADDED from src\main\AndroidManifest.xml:135:19-58
activity#com.qiandu.live.activity.GuanzhuActivity
ADDED from src\main\AndroidManifest.xml:136:9-62
	android:name
		ADDED from src\main\AndroidManifest.xml:136:19-59
activity#com.qiandu.live.activity.ShehuigongyueActivity
ADDED from src\main\AndroidManifest.xml:137:9-68
	android:name
		ADDED from src\main\AndroidManifest.xml:137:19-65
activity#com.qiandu.live.activity.YingsitiaokuanActivity
ADDED from src\main\AndroidManifest.xml:138:9-69
	android:name
		ADDED from src\main\AndroidManifest.xml:138:19-66
activity#com.qiandu.live.activity.FuwutiaokuanActivity
ADDED from src\main\AndroidManifest.xml:139:9-67
	android:name
		ADDED from src\main\AndroidManifest.xml:139:19-64
activity#com.qiandu.live.activity.UserActivity
ADDED from src\main\AndroidManifest.xml:140:9-59
	android:name
		ADDED from src\main\AndroidManifest.xml:140:19-56
activity#com.qiandu.live.activity.MyFanilyActivity
ADDED from src\main\AndroidManifest.xml:141:9-63
	android:name
		ADDED from src\main\AndroidManifest.xml:141:19-60
activity#com.qiandu.live.activity.ChenyuanActivity
ADDED from src\main\AndroidManifest.xml:142:9-63
	android:name
		ADDED from src\main\AndroidManifest.xml:142:19-60
activity#com.qiandu.live.activity.JiazuActivity
ADDED from src\main\AndroidManifest.xml:143:9-60
	android:name
		ADDED from src\main\AndroidManifest.xml:143:19-57
activity#com.qiandu.live.activity.BinderJiazuActivity
ADDED from src\main\AndroidManifest.xml:144:9-66
	android:name
		ADDED from src\main\AndroidManifest.xml:144:19-63
meta-data#com.google.android.gms.version
ADDED from src\main\AndroidManifest.xml:149:9-151:69
MERGED from [com.google.android.gms:play-services-basement:8.1.0] AndroidManifest.xml:21:9-23:69
	android:value
		ADDED from src\main\AndroidManifest.xml:151:13-66
	android:name
		ADDED from src\main\AndroidManifest.xml:150:13-58
activity#com.qiandu.live.activity.RibangActivity
ADDED from src\main\AndroidManifest.xml:153:9-61
	android:name
		ADDED from src\main\AndroidManifest.xml:153:19-58
activity#com.qiandu.live.activity.ProblemsActivity
ADDED from src\main\AndroidManifest.xml:154:9-63
	android:name
		ADDED from src\main\AndroidManifest.xml:154:19-60
activity#com.qiandu.live.activity.CoinExchangeActivity
ADDED from src\main\AndroidManifest.xml:155:9-76
	android:name
		ADDED from src\main\AndroidManifest.xml:155:19-64
activity#com.qiandu.live.activity.ForgetPswdActivity
ADDED from src\main\AndroidManifest.xml:156:9-64
	android:name
		ADDED from src\main\AndroidManifest.xml:156:19-62
uses-sdk
INJECTED from src\main\AndroidManifest.xml reason: use-sdk injection requested
MERGED from [com.android.support:design:25.3.1] AndroidManifest.xml:21:5-23:62
MERGED from [com.android.support:appcompat-v7:25.3.1] AndroidManifest.xml:21:5-23:78
MERGED from [com.android.support:animated-vector-drawable:25.3.1] AndroidManifest.xml:20:5-44
MERGED from [com.android.support:support-vector-drawable:25.3.1] AndroidManifest.xml:20:5-43
MERGED from [com.android.support:transition:25.3.1] AndroidManifest.xml:20:5-44
MERGED from [com.android.support:recyclerview-v7:25.3.1] AndroidManifest.xml:20:5-43
MERGED from [com.github.ctiao:dfm:0.4.4] AndroidManifest.xml:22:5-24:41
MERGED from [com.zhy:okhttputils:2.6.2] AndroidManifest.xml:7:5-9:41
MERGED from [com.makeramen:roundedimageview:2.3.0] AndroidManifest.xml:7:5-43
MERGED from [com.google.android.gms:play-services-appindexing:8.1.0] AndroidManifest.xml:18:5-42
MERGED from [com.google.android.gms:play-services-basement:8.1.0] AndroidManifest.xml:18:5-42
MERGED from [com.android.support:support-v4:25.3.1] AndroidManifest.xml:21:5-23:54
MERGED from [com.android.support:support-fragment:25.3.1] AndroidManifest.xml:21:5-23:60
MERGED from [com.android.support:support-media-compat:25.3.1] AndroidManifest.xml:21:5-23:63
MERGED from [com.android.support:support-core-ui:25.3.1] AndroidManifest.xml:21:5-23:58
MERGED from [com.android.support:support-core-utils:25.3.1] AndroidManifest.xml:21:5-23:61
MERGED from [com.android.support:support-compat:25.3.1] AndroidManifest.xml:21:5-23:58
MERGED from [com.daimajia.slider:library:1.1.5] AndroidManifest.xml:7:5-9:41
	tools:overrideLibrary
		ADDED from [com.android.support:design:25.3.1] AndroidManifest.xml:23:9-59
	android:targetSdkVersion
		INJECTED from src\main\AndroidManifest.xml
		INJECTED from src\main\AndroidManifest.xml
	android:minSdkVersion
		INJECTED from src\main\AndroidManifest.xml
		INJECTED from src\main\AndroidManifest.xml
meta-data#android.support.VERSION
ADDED from [com.android.support:design:25.3.1] AndroidManifest.xml:25:5-27:34
MERGED from [com.android.support:appcompat-v7:25.3.1] AndroidManifest.xml:25:5-27:34
MERGED from [com.android.support:animated-vector-drawable:25.3.1] AndroidManifest.xml:22:5-24:34
MERGED from [com.android.support:support-vector-drawable:25.3.1] AndroidManifest.xml:22:5-24:34
MERGED from [com.android.support:transition:25.3.1] AndroidManifest.xml:22:5-24:34
MERGED from [com.android.support:recyclerview-v7:25.3.1] AndroidManifest.xml:22:5-24:34
MERGED from [com.android.support:support-v4:25.3.1] AndroidManifest.xml:25:5-27:34
MERGED from [com.android.support:support-fragment:25.3.1] AndroidManifest.xml:25:5-27:34
MERGED from [com.android.support:support-media-compat:25.3.1] AndroidManifest.xml:25:5-27:34
MERGED from [com.android.support:support-core-ui:25.3.1] AndroidManifest.xml:25:5-27:34
MERGED from [com.android.support:support-core-utils:25.3.1] AndroidManifest.xml:25:5-27:34
MERGED from [com.android.support:support-compat:25.3.1] AndroidManifest.xml:25:5-27:34
	android:value
		ADDED from [com.android.support:design:25.3.1] AndroidManifest.xml:27:9-31
	android:name
		ADDED from [com.android.support:design:25.3.1] AndroidManifest.xml:26:9-47
android:uses-permission#android.permission.READ_EXTERNAL_STORAGE
IMPLIED from src\main\AndroidManifest.xml:2:1-159:12 reason: com.daimajia.slider.library requested WRITE_EXTERNAL_STORAGE